build/app/outputs/mapping/release/mapping.txt
# compiler: R8
# compiler_version: 1.5.64
# min_api: 21
# pg_map_id: ac292e7
...
io.grpc.internal.MessageDeframer$SingleMessageProducer -> c.b.k1.g1$c:
    java.io.InputStream message -> a
io.grpc.internal.MessageDeframer$SizeEnforcingInputStream -> c.b.k1.g1$d:
    int maxMessageSize -> k
    io.grpc.internal.StatsTraceContext statsTraceCtx -> l
    long count -> n
    long maxCount -> m
    long mark -> o
    void reportCount() -> a
    void verifySize() -> b
io.grpc.internal.MessageDeframer$State -> c.b.k1.g1$e:
    io.grpc.internal.MessageDeframer$State[] $VALUES -> m
    io.grpc.internal.MessageDeframer$State HEADER -> k
    io.grpc.internal.MessageDeframer$State BODY -> l
io.grpc.internal.MessageFramer -> c.b.k1.h1:
    io.grpc.Compressor compressor -> d
    int currentMessageSeqNo -> l
    boolean closed -> j
    int messagesBuffered -> k
    io.grpc.internal.WritableBufferAllocator bufferAllocator -> h
    io.grpc.internal.StatsTraceContext statsTraceCtx -> i
    int maxOutboundMessageSize -> b
    boolean messageCompression -> e
    io.grpc.internal.MessageFramer$Sink sink -> a
    byte[] headerScratch -> g
    io.grpc.internal.WritableBuffer buffer -> c
    long currentMessageWireSize -> m
    io.grpc.internal.MessageFramer$OutputStreamAdapter outputStreamAdapter -> f
    void access$400(io.grpc.internal.MessageFramer,byte[],int,int) -> a
    io.grpc.internal.WritableBufferAllocator access$500(io.grpc.internal.MessageFramer) -> a
    void commitToSink(boolean,boolean) -> a
    boolean isClosed() -> a
    io.grpc.internal.Framer setCompressor(io.grpc.Compressor) -> a
    io.grpc.internal.MessageFramer setCompressor(io.grpc.Compressor) -> a
    void setMaxOutboundMessageSize(int) -> a
    void writeBufferChain(io.grpc.internal.MessageFramer$BufferChainOutputStream,boolean) -> a
    int writeCompressed(java.io.InputStream,int) -> a
    void writePayload(java.io.InputStream) -> a
    void writeRaw(byte[],int,int) -> a
    int writeToOutputStream(java.io.InputStream,java.io.OutputStream) -> a
    int getKnownLength(java.io.InputStream) -> b
    void releaseBuffer() -> b
    int writeKnownLengthUncompressed(java.io.InputStream,int) -> b
io.grpc.internal.MessageFramer$1 -> c.b.k1.h1$a:
io.grpc.internal.MessageFramer$BufferChainOutputStream -> c.b.k1.h1$b:
    io.grpc.internal.MessageFramer this$0 -> m
    io.grpc.internal.WritableBuffer current -> l
    java.util.List bufferList -> k
    int access$200(io.grpc.internal.MessageFramer$BufferChainOutputStream) -> a
    java.util.List access$300(io.grpc.internal.MessageFramer$BufferChainOutputStream) -> b
    int readableBytes() -> m
io.grpc.internal.MessageFramer$OutputStreamAdapter -> c.b.k1.h1$c:
    io.grpc.internal.MessageFramer this$0 -> k
io.grpc.internal.MessageFramer$Sink -> c.b.k1.h1$d:
    void deliverFrame(io.grpc.internal.WritableBuffer,boolean,boolean,int) -> a
io.grpc.internal.MetadataApplierImpl -> c.b.k1.i1:
    io.grpc.internal.DelayedStream delayedStream -> i
    io.grpc.Context ctx -> e
    java.lang.Object lock -> f
    io.grpc.MethodDescriptor method -> b
    io.grpc.Metadata origHeaders -> c
    io.grpc.internal.ClientTransport transport -> a
    boolean finalized -> h
    io.grpc.internal.ClientStream returnedStream -> g
    io.grpc.CallOptions callOptions -> d
    void apply(io.grpc.Metadata) -> a
    void fail(io.grpc.Status) -> a
    void finalizeWith(io.grpc.internal.ClientStream) -> a
    io.grpc.internal.ClientStream returnStream() -> a